{"/home/devin/coding/ds-algos/SinglyLinkedList/Singly_Linked_List.js": {"path":"/home/devin/coding/ds-algos/SinglyLinkedList/Singly_Linked_List.js","statementMap":{"0":{"start":{"line":26,"column":4},"end":{"line":26,"column":21}},"1":{"start":{"line":27,"column":4},"end":{"line":27,"column":21}},"2":{"start":{"line":33,"column":4},"end":{"line":33,"column":20}},"3":{"start":{"line":34,"column":4},"end":{"line":34,"column":21}},"4":{"start":{"line":35,"column":4},"end":{"line":35,"column":21}},"5":{"start":{"line":39,"column":20},"end":{"line":39,"column":33}},"6":{"start":{"line":40,"column":4},"end":{"line":46,"column":5}},"7":{"start":{"line":41,"column":6},"end":{"line":41,"column":26}},"8":{"start":{"line":42,"column":6},"end":{"line":42,"column":28}},"9":{"start":{"line":44,"column":6},"end":{"line":44,"column":31}},"10":{"start":{"line":45,"column":6},"end":{"line":45,"column":26}},"11":{"start":{"line":47,"column":4},"end":{"line":47,"column":21}},"12":{"start":{"line":48,"column":4},"end":{"line":48,"column":16}},"13":{"start":{"line":52,"column":4},"end":{"line":54,"column":5}},"14":{"start":{"line":53,"column":6},"end":{"line":53,"column":23}},"15":{"start":{"line":55,"column":18},"end":{"line":55,"column":27}},"16":{"start":{"line":56,"column":18},"end":{"line":56,"column":25}},"17":{"start":{"line":58,"column":4},"end":{"line":61,"column":5}},"18":{"start":{"line":59,"column":6},"end":{"line":59,"column":24}},"19":{"start":{"line":60,"column":6},"end":{"line":60,"column":29}},"20":{"start":{"line":62,"column":4},"end":{"line":62,"column":24}},"21":{"start":{"line":63,"column":4},"end":{"line":63,"column":26}},"22":{"start":{"line":64,"column":4},"end":{"line":64,"column":21}},"23":{"start":{"line":65,"column":4},"end":{"line":68,"column":5}},"24":{"start":{"line":66,"column":6},"end":{"line":66,"column":23}},"25":{"start":{"line":67,"column":6},"end":{"line":67,"column":23}},"26":{"start":{"line":69,"column":4},"end":{"line":69,"column":19}},"27":{"start":{"line":76,"column":4},"end":{"line":76,"column":48}},"28":{"start":{"line":76,"column":29},"end":{"line":76,"column":46}},"29":{"start":{"line":77,"column":17},"end":{"line":77,"column":26}},"30":{"start":{"line":78,"column":4},"end":{"line":78,"column":31}},"31":{"start":{"line":79,"column":4},"end":{"line":79,"column":21}},"32":{"start":{"line":80,"column":4},"end":{"line":80,"column":48}},"33":{"start":{"line":80,"column":29},"end":{"line":80,"column":46}},"34":{"start":{"line":81,"column":4},"end":{"line":81,"column":16}},"35":{"start":{"line":90,"column":20},"end":{"line":90,"column":33}},"36":{"start":{"line":91,"column":4},"end":{"line":97,"column":5}},"37":{"start":{"line":92,"column":6},"end":{"line":92,"column":26}},"38":{"start":{"line":92,"column":27},"end":{"line":92,"column":47}},"39":{"start":{"line":94,"column":6},"end":{"line":94,"column":31}},"40":{"start":{"line":95,"column":6},"end":{"line":95,"column":26}},"41":{"start":{"line":96,"column":6},"end":{"line":96,"column":23}},"42":{"start":{"line":103,"column":4},"end":{"line":105,"column":5}},"43":{"start":{"line":104,"column":6},"end":{"line":104,"column":18}},"44":{"start":{"line":106,"column":18},"end":{"line":106,"column":19}},"45":{"start":{"line":107,"column":18},"end":{"line":107,"column":27}},"46":{"start":{"line":109,"column":4},"end":{"line":112,"column":5}},"47":{"start":{"line":110,"column":6},"end":{"line":110,"column":29}},"48":{"start":{"line":111,"column":6},"end":{"line":111,"column":19}},"49":{"start":{"line":113,"column":4},"end":{"line":113,"column":19}},"50":{"start":{"line":117,"column":20},"end":{"line":117,"column":33}},"51":{"start":{"line":118,"column":4},"end":{"line":121,"column":5}},"52":{"start":{"line":119,"column":6},"end":{"line":119,"column":24}},"53":{"start":{"line":120,"column":6},"end":{"line":120,"column":18}},"54":{"start":{"line":122,"column":4},"end":{"line":122,"column":17}},"55":{"start":{"line":132,"column":13},"end":{"line":132,"column":35}},"56":{"start":{"line":133,"column":0},"end":{"line":133,"column":19}},"57":{"start":{"line":134,"column":0},"end":{"line":134,"column":21}},"58":{"start":{"line":135,"column":0},"end":{"line":135,"column":15}},"59":{"start":{"line":137,"column":0},"end":{"line":137,"column":34}}},"fnMap":{"0":{"name":"(anonymous_0)","decl":{"start":{"line":25,"column":2},"end":{"line":25,"column":3}},"loc":{"start":{"line":25,"column":19},"end":{"line":28,"column":3}},"line":25},"1":{"name":"(anonymous_1)","decl":{"start":{"line":32,"column":2},"end":{"line":32,"column":3}},"loc":{"start":{"line":32,"column":16},"end":{"line":36,"column":3}},"line":32},"2":{"name":"(anonymous_2)","decl":{"start":{"line":38,"column":2},"end":{"line":38,"column":3}},"loc":{"start":{"line":38,"column":12},"end":{"line":49,"column":3}},"line":38},"3":{"name":"(anonymous_3)","decl":{"start":{"line":51,"column":2},"end":{"line":51,"column":3}},"loc":{"start":{"line":51,"column":8},"end":{"line":70,"column":3}},"line":51},"4":{"name":"(anonymous_4)","decl":{"start":{"line":72,"column":2},"end":{"line":72,"column":3}},"loc":{"start":{"line":72,"column":10},"end":{"line":82,"column":3}},"line":72},"5":{"name":"(anonymous_5)","decl":{"start":{"line":84,"column":2},"end":{"line":84,"column":3}},"loc":{"start":{"line":84,"column":15},"end":{"line":98,"column":3}},"line":84},"6":{"name":"(anonymous_6)","decl":{"start":{"line":100,"column":2},"end":{"line":100,"column":3}},"loc":{"start":{"line":100,"column":11},"end":{"line":114,"column":3}},"line":100},"7":{"name":"(anonymous_7)","decl":{"start":{"line":116,"column":2},"end":{"line":116,"column":3}},"loc":{"start":{"line":116,"column":16},"end":{"line":123,"column":3}},"line":116}},"branchMap":{"0":{"loc":{"start":{"line":40,"column":4},"end":{"line":46,"column":5}},"type":"if","locations":[{"start":{"line":40,"column":4},"end":{"line":46,"column":5}},{"start":{"line":40,"column":4},"end":{"line":46,"column":5}}],"line":40},"1":{"loc":{"start":{"line":52,"column":4},"end":{"line":54,"column":5}},"type":"if","locations":[{"start":{"line":52,"column":4},"end":{"line":54,"column":5}},{"start":{"line":52,"column":4},"end":{"line":54,"column":5}}],"line":52},"2":{"loc":{"start":{"line":65,"column":4},"end":{"line":68,"column":5}},"type":"if","locations":[{"start":{"line":65,"column":4},"end":{"line":68,"column":5}},{"start":{"line":65,"column":4},"end":{"line":68,"column":5}}],"line":65},"3":{"loc":{"start":{"line":76,"column":4},"end":{"line":76,"column":48}},"type":"if","locations":[{"start":{"line":76,"column":4},"end":{"line":76,"column":48}},{"start":{"line":76,"column":4},"end":{"line":76,"column":48}}],"line":76},"4":{"loc":{"start":{"line":80,"column":4},"end":{"line":80,"column":48}},"type":"if","locations":[{"start":{"line":80,"column":4},"end":{"line":80,"column":48}},{"start":{"line":80,"column":4},"end":{"line":80,"column":48}}],"line":80},"5":{"loc":{"start":{"line":91,"column":4},"end":{"line":97,"column":5}},"type":"if","locations":[{"start":{"line":91,"column":4},"end":{"line":97,"column":5}},{"start":{"line":91,"column":4},"end":{"line":97,"column":5}}],"line":91},"6":{"loc":{"start":{"line":103,"column":4},"end":{"line":105,"column":5}},"type":"if","locations":[{"start":{"line":103,"column":4},"end":{"line":105,"column":5}},{"start":{"line":103,"column":4},"end":{"line":105,"column":5}}],"line":103},"7":{"loc":{"start":{"line":103,"column":8},"end":{"line":103,"column":37}},"type":"binary-expr","locations":[{"start":{"line":103,"column":8},"end":{"line":103,"column":15}},{"start":{"line":103,"column":19},"end":{"line":103,"column":37}}],"line":103},"8":{"loc":{"start":{"line":118,"column":4},"end":{"line":121,"column":5}},"type":"if","locations":[{"start":{"line":118,"column":4},"end":{"line":121,"column":5}},{"start":{"line":118,"column":4},"end":{"line":121,"column":5}}],"line":118}},"s":{"0":3,"1":3,"2":2,"3":2,"4":2,"5":3,"6":3,"7":1,"8":1,"9":2,"10":2,"11":3,"12":3,"13":0,"14":0,"15":0,"16":0,"17":0,"18":0,"19":0,"20":0,"21":0,"22":0,"23":0,"24":0,"25":0,"26":0,"27":0,"28":0,"29":0,"30":0,"31":0,"32":0,"33":0,"34":0,"35":0,"36":0,"37":0,"38":0,"39":0,"40":0,"41":0,"42":0,"43":0,"44":0,"45":0,"46":0,"47":0,"48":0,"49":0,"50":0,"51":0,"52":0,"53":0,"54":0,"55":1,"56":1,"57":1,"58":1,"59":1},"f":{"0":3,"1":2,"2":3,"3":0,"4":0,"5":0,"6":0,"7":0},"b":{"0":[1,2],"1":[0,0],"2":[0,0],"3":[0,0],"4":[0,0],"5":[0,0],"6":[0,0],"7":[0,0],"8":[0,0]},"_coverageSchema":"1a1c01bbd47fc00a2c39e90264f33305004495a9","hash":"f20544e2e15b6085cfe6f3c5f8f9537ed26513bb"}
}
