TN:
SF:Singly_Linked_List.js
FN:25,(anonymous_0)
FN:32,(anonymous_1)
FN:38,(anonymous_2)
FN:51,(anonymous_3)
FN:72,(anonymous_4)
FN:84,(anonymous_5)
FN:100,(anonymous_6)
FN:116,(anonymous_7)
FNF:8
FNH:3
FNDA:3,(anonymous_0)
FNDA:2,(anonymous_1)
FNDA:3,(anonymous_2)
FNDA:0,(anonymous_3)
FNDA:0,(anonymous_4)
FNDA:0,(anonymous_5)
FNDA:0,(anonymous_6)
FNDA:0,(anonymous_7)
DA:26,3
DA:27,3
DA:33,2
DA:34,2
DA:35,2
DA:39,3
DA:40,3
DA:41,1
DA:42,1
DA:44,2
DA:45,2
DA:47,3
DA:48,3
DA:52,0
DA:53,0
DA:55,0
DA:56,0
DA:58,0
DA:59,0
DA:60,0
DA:62,0
DA:63,0
DA:64,0
DA:65,0
DA:66,0
DA:67,0
DA:69,0
DA:76,0
DA:77,0
DA:78,0
DA:79,0
DA:80,0
DA:81,0
DA:90,0
DA:91,0
DA:92,0
DA:94,0
DA:95,0
DA:96,0
DA:103,0
DA:104,0
DA:106,0
DA:107,0
DA:109,0
DA:110,0
DA:111,0
DA:113,0
DA:117,0
DA:118,0
DA:119,0
DA:120,0
DA:122,0
DA:132,1
DA:133,1
DA:134,1
DA:135,1
DA:137,1
LF:57
LH:18
BRDA:40,0,0,1
BRDA:40,0,1,2
BRDA:52,1,0,0
BRDA:52,1,1,0
BRDA:65,2,0,0
BRDA:65,2,1,0
BRDA:76,3,0,0
BRDA:76,3,1,0
BRDA:80,4,0,0
BRDA:80,4,1,0
BRDA:91,5,0,0
BRDA:91,5,1,0
BRDA:103,6,0,0
BRDA:103,6,1,0
BRDA:103,7,0,0
BRDA:103,7,1,0
BRDA:118,8,0,0
BRDA:118,8,1,0
BRF:18
BRH:2
end_of_record
